This is pdfTeX, Version 3.1415926-2.5-1.40.14 (MiKTeX 2.9) (preloaded format=pdflatex 2014.4.10)  27 NOV 2014 20:14
entering extended mode
**C:/Users/Usuario/Desktop/Documents/uba/metnum-rtp1/informe/arp.tex
(C:/Users/Usuario/Desktop/Documents/uba/metnum-rtp1/informe/arp.tex
LaTeX2e <2011/06/27>
Babel <v3.8m> and hyphenation patterns for english, afrikaans, ancientgreek, ar
abic, armenian, assamese, basque, bengali, bokmal, bulgarian, catalan, coptic, 
croatian, czech, danish, dutch, esperanto, estonian, farsi, finnish, french, ga
lician, german, german-x-2013-05-26, greek, gujarati, hindi, hungarian, iceland
ic, indonesian, interlingua, irish, italian, kannada, kurmanji, latin, latvian,
 lithuanian, malayalam, marathi, mongolian, mongolianlmc, monogreek, ngerman, n
german-x-2013-05-26, nynorsk, oriya, panjabi, pinyin, polish, portuguese, roman
ian, russian, sanskrit, serbian, slovak, slovenian, spanish, swedish, swissgerm
an, tamil, telugu, turkish, turkmen, ukenglish, ukrainian, uppersorbian, usengl
ishmax, welsh, loaded.
("C:\Program Files (x86)\MiKTeX 2.9\tex\latex\base\article.cls"
Document Class: article 2007/10/19 v1.4h Standard LaTeX document class
("C:\Program Files (x86)\MiKTeX 2.9\tex\latex\base\size11.clo"
File: size11.clo 2007/10/19 v1.4h Standard LaTeX file (size option)
)
\c@part=\count79
\c@section=\count80
\c@subsection=\count81
\c@subsubsection=\count82
\c@paragraph=\count83
\c@subparagraph=\count84
\c@figure=\count85
\c@table=\count86
\abovecaptionskip=\skip41
\belowcaptionskip=\skip42
\bibindent=\dimen102
)
("C:\Program Files (x86)\MiKTeX 2.9\tex\generic\babel\babel.sty"
Package: babel 2008/07/08 v3.8m The Babel package

*************************************
* Local config file bblopts.cfg used
*
("C:\Program Files (x86)\MiKTeX 2.9\tex\latex\00miktex\bblopts.cfg"
File: bblopts.cfg 2006/07/31 v1.0 MiKTeX 'babel' configuration
)
("C:\Program Files (x86)\MiKTeX 2.9\tex\generic\babel\english.ldf"
Language: english 2005/03/30 v3.3o English support from the babel system

("C:\Program Files (x86)\MiKTeX 2.9\tex\generic\babel\babel.def"
File: babel.def 2008/07/08 v3.8m Babel common definitions
\babel@savecnt=\count87
\U@D=\dimen103
)
\l@canadian = a dialect from \language\l@american 
\l@australian = a dialect from \language\l@british 
\l@newzealand = a dialect from \language\l@british 
)
("C:\Program Files (x86)\MiKTeX 2.9\tex\generic\babel\spanish.ldf"
Language: spanish.ldf 2009/01/02 v5.0h Spanish support from the babel system
\es@datefmt=\count88
\es@quottoks=\toks14
\es@quotdepth=\count89
Package babel Info: Making " an active character on input line 492.
Package babel Info: Making . an active character on input line 585.
Package babel Info: Making < an active character on input line 630.
Package babel Info: Making > an active character on input line 630.
))
("C:\Program Files (x86)\MiKTeX 2.9\tex\latex\base\inputenc.sty"
Package: inputenc 2008/03/30 v1.1d Input encoding file
\inpenc@prehook=\toks15
\inpenc@posthook=\toks16

("C:\Program Files (x86)\MiKTeX 2.9\tex\latex\base\utf8.def"
File: utf8.def 2008/04/05 v1.1m UTF-8 support for inputenc
Now handling font encoding OML ...
... no UTF-8 mapping file for font encoding OML
Now handling font encoding T1 ...
... processing UTF-8 mapping file for font encoding T1

("C:\Program Files (x86)\MiKTeX 2.9\tex\latex\base\t1enc.dfu"
File: t1enc.dfu 2008/04/05 v1.1m UTF-8 support for inputenc
   defining Unicode char U+00A1 (decimal 161)
   defining Unicode char U+00A3 (decimal 163)
   defining Unicode char U+00AB (decimal 171)
   defining Unicode char U+00BB (decimal 187)
   defining Unicode char U+00BF (decimal 191)
   defining Unicode char U+00C0 (decimal 192)
   defining Unicode char U+00C1 (decimal 193)
   defining Unicode char U+00C2 (decimal 194)
   defining Unicode char U+00C3 (decimal 195)
   defining Unicode char U+00C4 (decimal 196)
   defining Unicode char U+00C5 (decimal 197)
   defining Unicode char U+00C6 (decimal 198)
   defining Unicode char U+00C7 (decimal 199)
   defining Unicode char U+00C8 (decimal 200)
   defining Unicode char U+00C9 (decimal 201)
   defining Unicode char U+00CA (decimal 202)
   defining Unicode char U+00CB (decimal 203)
   defining Unicode char U+00CC (decimal 204)
   defining Unicode char U+00CD (decimal 205)
   defining Unicode char U+00CE (decimal 206)
   defining Unicode char U+00CF (decimal 207)
   defining Unicode char U+00D0 (decimal 208)
   defining Unicode char U+00D1 (decimal 209)
   defining Unicode char U+00D2 (decimal 210)
   defining Unicode char U+00D3 (decimal 211)
   defining Unicode char U+00D4 (decimal 212)
   defining Unicode char U+00D5 (decimal 213)
   defining Unicode char U+00D6 (decimal 214)
   defining Unicode char U+00D8 (decimal 216)
   defining Unicode char U+00D9 (decimal 217)
   defining Unicode char U+00DA (decimal 218)
   defining Unicode char U+00DB (decimal 219)
   defining Unicode char U+00DC (decimal 220)
   defining Unicode char U+00DD (decimal 221)
   defining Unicode char U+00DE (decimal 222)
   defining Unicode char U+00DF (decimal 223)
   defining Unicode char U+00E0 (decimal 224)
   defining Unicode char U+00E1 (decimal 225)
   defining Unicode char U+00E2 (decimal 226)
   defining Unicode char U+00E3 (decimal 227)
   defining Unicode char U+00E4 (decimal 228)
   defining Unicode char U+00E5 (decimal 229)
   defining Unicode char U+00E6 (decimal 230)
   defining Unicode char U+00E7 (decimal 231)
   defining Unicode char U+00E8 (decimal 232)
   defining Unicode char U+00E9 (decimal 233)
   defining Unicode char U+00EA (decimal 234)
   defining Unicode char U+00EB (decimal 235)
   defining Unicode char U+00EC (decimal 236)
   defining Unicode char U+00ED (decimal 237)
   defining Unicode char U+00EE (decimal 238)
   defining Unicode char U+00EF (decimal 239)
   defining Unicode char U+00F0 (decimal 240)
   defining Unicode char U+00F1 (decimal 241)
   defining Unicode char U+00F2 (decimal 242)
   defining Unicode char U+00F3 (decimal 243)
   defining Unicode char U+00F4 (decimal 244)
   defining Unicode char U+00F5 (decimal 245)
   defining Unicode char U+00F6 (decimal 246)
   defining Unicode char U+00F8 (decimal 248)
   defining Unicode char U+00F9 (decimal 249)
   defining Unicode char U+00FA (decimal 250)
   defining Unicode char U+00FB (decimal 251)
   defining Unicode char U+00FC (decimal 252)
   defining Unicode char U+00FD (decimal 253)
   defining Unicode char U+00FE (decimal 254)
   defining Unicode char U+00FF (decimal 255)
   defining Unicode char U+0102 (decimal 258)
   defining Unicode char U+0103 (decimal 259)
   defining Unicode char U+0104 (decimal 260)
   defining Unicode char U+0105 (decimal 261)
   defining Unicode char U+0106 (decimal 262)
   defining Unicode char U+0107 (decimal 263)
   defining Unicode char U+010C (decimal 268)
   defining Unicode char U+010D (decimal 269)
   defining Unicode char U+010E (decimal 270)
   defining Unicode char U+010F (decimal 271)
   defining Unicode char U+0110 (decimal 272)
   defining Unicode char U+0111 (decimal 273)
   defining Unicode char U+0118 (decimal 280)
   defining Unicode char U+0119 (decimal 281)
   defining Unicode char U+011A (decimal 282)
   defining Unicode char U+011B (decimal 283)
   defining Unicode char U+011E (decimal 286)
   defining Unicode char U+011F (decimal 287)
   defining Unicode char U+0130 (decimal 304)
   defining Unicode char U+0131 (decimal 305)
   defining Unicode char U+0132 (decimal 306)
   defining Unicode char U+0133 (decimal 307)
   defining Unicode char U+0139 (decimal 313)
   defining Unicode char U+013A (decimal 314)
   defining Unicode char U+013D (decimal 317)
   defining Unicode char U+013E (decimal 318)
   defining Unicode char U+0141 (decimal 321)
   defining Unicode char U+0142 (decimal 322)
   defining Unicode char U+0143 (decimal 323)
   defining Unicode char U+0144 (decimal 324)
   defining Unicode char U+0147 (decimal 327)
   defining Unicode char U+0148 (decimal 328)
   defining Unicode char U+014A (decimal 330)
   defining Unicode char U+014B (decimal 331)
   defining Unicode char U+0150 (decimal 336)
   defining Unicode char U+0151 (decimal 337)
   defining Unicode char U+0152 (decimal 338)
   defining Unicode char U+0153 (decimal 339)
   defining Unicode char U+0154 (decimal 340)
   defining Unicode char U+0155 (decimal 341)
   defining Unicode char U+0158 (decimal 344)
   defining Unicode char U+0159 (decimal 345)
   defining Unicode char U+015A (decimal 346)
   defining Unicode char U+015B (decimal 347)
   defining Unicode char U+015E (decimal 350)
   defining Unicode char U+015F (decimal 351)
   defining Unicode char U+0160 (decimal 352)
   defining Unicode char U+0161 (decimal 353)
   defining Unicode char U+0162 (decimal 354)
   defining Unicode char U+0163 (decimal 355)
   defining Unicode char U+0164 (decimal 356)
   defining Unicode char U+0165 (decimal 357)
   defining Unicode char U+016E (decimal 366)
   defining Unicode char U+016F (decimal 367)
   defining Unicode char U+0170 (decimal 368)
   defining Unicode char U+0171 (decimal 369)
   defining Unicode char U+0178 (decimal 376)
   defining Unicode char U+0179 (decimal 377)
   defining Unicode char U+017A (decimal 378)
   defining Unicode char U+017B (decimal 379)
   defining Unicode char U+017C (decimal 380)
   defining Unicode char U+017D (decimal 381)
   defining Unicode char U+017E (decimal 382)
   defining Unicode char U+200C (decimal 8204)
   defining Unicode char U+2013 (decimal 8211)
   defining Unicode char U+2014 (decimal 8212)
   defining Unicode char U+2018 (decimal 8216)
   defining Unicode char U+2019 (decimal 8217)
   defining Unicode char U+201A (decimal 8218)
   defining Unicode char U+201C (decimal 8220)
   defining Unicode char U+201D (decimal 8221)
   defining Unicode char U+201E (decimal 8222)
   defining Unicode char U+2030 (decimal 8240)
   defining Unicode char U+2031 (decimal 8241)
   defining Unicode char U+2039 (decimal 8249)
   defining Unicode char U+203A (decimal 8250)
   defining Unicode char U+2423 (decimal 9251)
)
Now handling font encoding OT1 ...
... processing UTF-8 mapping file for font encoding OT1

("C:\Program Files (x86)\MiKTeX 2.9\tex\latex\base\ot1enc.dfu"
File: ot1enc.dfu 2008/04/05 v1.1m UTF-8 support for inputenc
   defining Unicode char U+00A1 (decimal 161)
   defining Unicode char U+00A3 (decimal 163)
   defining Unicode char U+00B8 (decimal 184)
   defining Unicode char U+00BF (decimal 191)
   defining Unicode char U+00C5 (decimal 197)
   defining Unicode char U+00C6 (decimal 198)
   defining Unicode char U+00D8 (decimal 216)
   defining Unicode char U+00DF (decimal 223)
   defining Unicode char U+00E6 (decimal 230)
   defining Unicode char U+00EC (decimal 236)
   defining Unicode char U+00ED (decimal 237)
   defining Unicode char U+00EE (decimal 238)
   defining Unicode char U+00EF (decimal 239)
   defining Unicode char U+00F8 (decimal 248)
   defining Unicode char U+0131 (decimal 305)
   defining Unicode char U+0141 (decimal 321)
   defining Unicode char U+0142 (decimal 322)
   defining Unicode char U+0152 (decimal 338)
   defining Unicode char U+0153 (decimal 339)
   defining Unicode char U+2013 (decimal 8211)
   defining Unicode char U+2014 (decimal 8212)
   defining Unicode char U+2018 (decimal 8216)
   defining Unicode char U+2019 (decimal 8217)
   defining Unicode char U+201C (decimal 8220)
   defining Unicode char U+201D (decimal 8221)
)
Now handling font encoding OMS ...
... processing UTF-8 mapping file for font encoding OMS

("C:\Program Files (x86)\MiKTeX 2.9\tex\latex\base\omsenc.dfu"
File: omsenc.dfu 2008/04/05 v1.1m UTF-8 support for inputenc
   defining Unicode char U+00A7 (decimal 167)
   defining Unicode char U+00B6 (decimal 182)
   defining Unicode char U+00B7 (decimal 183)
   defining Unicode char U+2020 (decimal 8224)
   defining Unicode char U+2021 (decimal 8225)
   defining Unicode char U+2022 (decimal 8226)
)
Now handling font encoding OMX ...
... no UTF-8 mapping file for font encoding OMX
Now handling font encoding U ...
... no UTF-8 mapping file for font encoding U
   defining Unicode char U+00A9 (decimal 169)
   defining Unicode char U+00AA (decimal 170)
   defining Unicode char U+00AE (decimal 174)
   defining Unicode char U+00BA (decimal 186)
   defining Unicode char U+02C6 (decimal 710)
   defining Unicode char U+02DC (decimal 732)
   defining Unicode char U+200C (decimal 8204)
   defining Unicode char U+2026 (decimal 8230)
   defining Unicode char U+2122 (decimal 8482)
   defining Unicode char U+2423 (decimal 9251)
))
("C:\Program Files (x86)\MiKTeX 2.9\tex\latex\geometry\geometry.sty"
Package: geometry 2010/09/12 v5.6 Page Geometry

("C:\Program Files (x86)\MiKTeX 2.9\tex\latex\graphics\keyval.sty"
Package: keyval 1999/03/16 v1.13 key=value parser (DPC)
\KV@toks@=\toks17
)
("C:\Program Files (x86)\MiKTeX 2.9\tex\generic\oberdiek\ifpdf.sty"
Package: ifpdf 2011/01/30 v2.3 Provides the ifpdf switch (HO)
Package ifpdf Info: pdfTeX in PDF mode is detected.
)
("C:\Program Files (x86)\MiKTeX 2.9\tex\generic\oberdiek\ifvtex.sty"
Package: ifvtex 2010/03/01 v1.5 Detect VTeX and its facilities (HO)
Package ifvtex Info: VTeX not detected.
)
("C:\Program Files (x86)\MiKTeX 2.9\tex\generic\ifxetex\ifxetex.sty"
Package: ifxetex 2010/09/12 v0.6 Provides ifxetex conditional
)
\Gm@cnth=\count90
\Gm@cntv=\count91
\c@Gm@tempcnt=\count92
\Gm@bindingoffset=\dimen104
\Gm@wd@mp=\dimen105
\Gm@odd@mp=\dimen106
\Gm@even@mp=\dimen107
\Gm@layoutwidth=\dimen108
\Gm@layoutheight=\dimen109
\Gm@layouthoffset=\dimen110
\Gm@layoutvoffset=\dimen111
\Gm@dimlist=\toks18

("C:\Program Files (x86)\MiKTeX 2.9\tex\latex\geometry\geometry.cfg"))
("C:\Program Files (x86)\MiKTeX 2.9\tex\latex\amsmath\amsmath.sty"
Package: amsmath 2013/01/14 v2.14 AMS math features
\@mathmargin=\skip43

For additional information on amsmath, use the `?' option.
("C:\Program Files (x86)\MiKTeX 2.9\tex\latex\amsmath\amstext.sty"
Package: amstext 2000/06/29 v2.01

("C:\Program Files (x86)\MiKTeX 2.9\tex\latex\amsmath\amsgen.sty"
File: amsgen.sty 1999/11/30 v2.0
\@emptytoks=\toks19
\ex@=\dimen112
))
("C:\Program Files (x86)\MiKTeX 2.9\tex\latex\amsmath\amsbsy.sty"
Package: amsbsy 1999/11/29 v1.2d
\pmbraise@=\dimen113
)
("C:\Program Files (x86)\MiKTeX 2.9\tex\latex\amsmath\amsopn.sty"
Package: amsopn 1999/12/14 v2.01 operator names
)
\inf@bad=\count93
LaTeX Info: Redefining \frac on input line 210.
\uproot@=\count94
\leftroot@=\count95
LaTeX Info: Redefining \overline on input line 306.
\classnum@=\count96
\DOTSCASE@=\count97
LaTeX Info: Redefining \ldots on input line 378.
LaTeX Info: Redefining \dots on input line 381.
LaTeX Info: Redefining \cdots on input line 466.
\Mathstrutbox@=\box26
\strutbox@=\box27
\big@size=\dimen114
LaTeX Font Info:    Redeclaring font encoding OML on input line 566.
LaTeX Font Info:    Redeclaring font encoding OMS on input line 567.
\macc@depth=\count98
\c@MaxMatrixCols=\count99
\dotsspace@=\muskip10
\c@parentequation=\count100
\dspbrk@lvl=\count101
\tag@help=\toks20
\row@=\count102
\column@=\count103
\maxfields@=\count104
\andhelp@=\toks21
\eqnshift@=\dimen115
\alignsep@=\dimen116
\tagshift@=\dimen117
\tagwidth@=\dimen118
\totwidth@=\dimen119
\lineht@=\dimen120
\@envbody=\toks22
\multlinegap=\skip44
\multlinetaggap=\skip45
\mathdisplay@stack=\toks23
LaTeX Info: Redefining \[ on input line 2665.
LaTeX Info: Redefining \] on input line 2666.
)
("C:\Program Files (x86)\MiKTeX 2.9\tex\latex\algorithms\algorithm.sty"
Package: algorithm 2009/08/24 v0.1 Document Style `algorithm' - floating enviro
nment

("C:\Program Files (x86)\MiKTeX 2.9\tex\latex\float\float.sty"
Package: float 2001/11/08 v1.3d Float enhancements (AL)
\c@float@type=\count105
\float@exts=\toks24
\float@box=\box28
\@float@everytoks=\toks25
\@floatcapt=\box29
)
("C:\Program Files (x86)\MiKTeX 2.9\tex\latex\base\ifthen.sty"
Package: ifthen 2001/05/26 v1.1c Standard LaTeX ifthen package (DPC)
)
\@float@every@algorithm=\toks26
\c@algorithm=\count106
)
("C:\Program Files (x86)\MiKTeX 2.9\tex\latex\algorithmicx\algpseudocode.sty"
Package: algpseudocode 

("C:\Program Files (x86)\MiKTeX 2.9\tex\latex\algorithmicx\algorithmicx.sty"
Package: algorithmicx 2005/04/27 v1.2 Algorithmicx

Document Style algorithmicx 1.2 - a greatly improved `algorithmic' style
\c@ALG@line=\count107
\c@ALG@rem=\count108
\c@ALG@nested=\count109
\ALG@tlm=\skip46
\ALG@thistlm=\skip47
\c@ALG@Lnr=\count110
\c@ALG@blocknr=\count111
\c@ALG@storecount=\count112
\c@ALG@tmpcounter=\count113
\ALG@tmplength=\skip48
)
Document Style - pseudocode environments for use with the `algorithmicx' style
) ("C:\Program Files (x86)\MiKTeX 2.9\tex\latex\amsfonts\amsfonts.sty"
Package: amsfonts 2013/01/14 v3.01 Basic AMSFonts support
\symAMSa=\mathgroup4
\symAMSb=\mathgroup5
LaTeX Font Info:    Overwriting math alphabet `\mathfrak' in version `bold'
(Font)                  U/euf/m/n --> U/euf/b/n on input line 106.
)
("C:\Program Files (x86)\MiKTeX 2.9\tex\latex\amsfonts\amssymb.sty"
Package: amssymb 2013/01/14 v3.01 AMS font symbols
)
("C:\Program Files (x86)\MiKTeX 2.9\tex\latex\fancyhdr\fancyhdr.sty"
\fancy@headwidth=\skip49
\f@ncyO@elh=\skip50
\f@ncyO@erh=\skip51
\f@ncyO@olh=\skip52
\f@ncyO@orh=\skip53
\f@ncyO@elf=\skip54
\f@ncyO@erf=\skip55
\f@ncyO@olf=\skip56
\f@ncyO@orf=\skip57
)
("C:\Program Files (x86)\MiKTeX 2.9\tex\latex\lastpage\lastpage.sty"
Package: lastpage 2013/01/28 v1.2l Refers to last page's name (HMM; JPG)
)
(C:\Users\Usuario\Desktop\Documents\uba\metnum-rtp1\informe\caratula.sty
Package: caratula 2005/08/09 v0.3 Para componer caratulas de TPs del DC

("C:\Program Files (x86)\MiKTeX 2.9\tex\latex\graphics\graphicx.sty"
Package: graphicx 1999/02/16 v1.0f Enhanced LaTeX Graphics (DPC,SPQR)

("C:\Program Files (x86)\MiKTeX 2.9\tex\latex\graphics\graphics.sty"
Package: graphics 2009/02/05 v1.0o Standard LaTeX Graphics (DPC,SPQR)

("C:\Program Files (x86)\MiKTeX 2.9\tex\latex\graphics\trig.sty"
Package: trig 1999/03/16 v1.09 sin cos tan (DPC)
)
("C:\Program Files (x86)\MiKTeX 2.9\tex\latex\00miktex\graphics.cfg"
File: graphics.cfg 2007/01/18 v1.5 graphics configuration of teTeX/TeXLive
)
Package graphics Info: Driver file: pdftex.def on input line 91.

("C:\Program Files (x86)\MiKTeX 2.9\tex\latex\pdftex-def\pdftex.def"
File: pdftex.def 2011/05/27 v0.06d Graphics/color for pdfTeX

("C:\Program Files (x86)\MiKTeX 2.9\tex\generic\oberdiek\infwarerr.sty"
Package: infwarerr 2010/04/08 v1.3 Providing info/warning/error messages (HO)
)
("C:\Program Files (x86)\MiKTeX 2.9\tex\generic\oberdiek\ltxcmds.sty"
Package: ltxcmds 2011/11/09 v1.22 LaTeX kernel commands for general use (HO)
)
\Gread@gobject=\count114
))
\Gin@req@height=\dimen121
\Gin@req@width=\dimen122
)
Cargando package 'caratula' v0.3 (2005/08/09)
\intlist=\toks27
) ("C:\Program Files (x86)\MiKTeX 2.9\tex\latex\url\url.sty"
\Urlmuskip=\muskip11
Package: url 2013/09/16  ver 3.4  Verb mode for urls, etc.
)
("C:\Program Files (x86)\MiKTeX 2.9\tex\latex\base\flafter.sty"
Package: flafter 2000/07/23 v1.2i Standard LaTeX floats after reference (FMi)
)
("C:\Program Files (x86)\MiKTeX 2.9\tex\latex\tools\afterpage.sty"
Package: afterpage 1995/10/27 v1.08 After-Page Package (DPC)
\AP@output=\toks28
\AP@partial=\box30
\AP@footins=\box31
)
("C:\Program Files (x86)\MiKTeX 2.9\tex\latex\listings\listings.sty"
\lst@mode=\count115
\lst@gtempboxa=\box32
\lst@token=\toks29
\lst@length=\count116
\lst@currlwidth=\dimen123
\lst@column=\count117
\lst@pos=\count118
\lst@lostspace=\dimen124
\lst@width=\dimen125
\lst@newlines=\count119
\lst@lineno=\count120
\lst@maxwidth=\dimen126

("C:\Program Files (x86)\MiKTeX 2.9\tex\latex\listings\lstmisc.sty"
File: lstmisc.sty 2014/03/04 1.5c (Carsten Heinz)
\c@lstnumber=\count121
\lst@skipnumbers=\count122
\lst@framebox=\box33
)
("C:\Program Files (x86)\MiKTeX 2.9\tex\latex\listings\listings.cfg"
File: listings.cfg 2014/03/04 1.5c listings configuration
))
Package: listings 2014/03/04 1.5c (Carsten Heinz)

("C:\Program Files (x86)\MiKTeX 2.9\tex\latex\graphics\color.sty"
Package: color 2005/11/14 v1.0j Standard LaTeX Color (DPC)

("C:\Program Files (x86)\MiKTeX 2.9\tex\latex\00miktex\color.cfg"
File: color.cfg 2007/01/18 v1.5 color configuration of teTeX/TeXLive
)
Package color Info: Driver file: pdftex.def on input line 130.
)
("C:\Program Files (x86)\MiKTeX 2.9\tex\latex\tools\verbatim.sty"
Package: verbatim 2003/08/22 v1.5q LaTeX2e package for verbatim enhancements
\every@verbatim=\toks30
\verbatim@line=\toks31
\verbatim@in@stream=\read1
)

Package Fancyhdr Warning: \fancyhead's `E' option without twoside option is use
less on input line 75.


Package Fancyhdr Warning: \fancyhead's `E' option without twoside option is use
less on input line 76.


Package Fancyhdr Warning: \fancyhead's `E' option without twoside option is use
less on input line 77.


Package Fancyhdr Warning: \fancyfoot's `E' option without twoside option is use
less on input line 79.

(C:\Users\Usuario\Desktop\Documents\uba\metnum-rtp1\informe\arp.aux

LaTeX Warning: Label `eq:borde' multiply defined.


LaTeX Warning: Label `euclid' multiply defined.


LaTeX Warning: Label `euclid' multiply defined.


LaTeX Warning: Label `euclid' multiply defined.


LaTeX Warning: Label `euclid' multiply defined.

)
LaTeX Font Info:    Checking defaults for OML/cmm/m/it on input line 81.
LaTeX Font Info:    ... okay on input line 81.
LaTeX Font Info:    Checking defaults for T1/cmr/m/n on input line 81.
LaTeX Font Info:    ... okay on input line 81.
LaTeX Font Info:    Checking defaults for OT1/cmr/m/n on input line 81.
LaTeX Font Info:    ... okay on input line 81.
LaTeX Font Info:    Checking defaults for OMS/cmsy/m/n on input line 81.
LaTeX Font Info:    ... okay on input line 81.
LaTeX Font Info:    Checking defaults for OMX/cmex/m/n on input line 81.
LaTeX Font Info:    ... okay on input line 81.
LaTeX Font Info:    Checking defaults for U/cmr/m/n on input line 81.
LaTeX Font Info:    ... okay on input line 81.

*geometry* driver: auto-detecting
*geometry* detected driver: pdftex
*geometry* verbose mode - [ preamble ] result:
* driver: pdftex
* paper: a4paper
* layout: <same size as paper>
* layoutoffset:(h,v)=(0.0pt,0.0pt)
* modes: 
* h-part:(L,W,R)=(42.67912pt, 512.1496pt, 42.67915pt)
* v-part:(T,H,B)=(64.01869pt, 711.3189pt, 69.70926pt)
* \paperwidth=597.50787pt
* \paperheight=845.04684pt
* \textwidth=512.1496pt
* \textheight=711.3189pt
* \oddsidemargin=-29.59087pt
* \evensidemargin=-29.59087pt
* \topmargin=-45.2513pt
* \headheight=12.0pt
* \headsep=25.0pt
* \topskip=11.0pt
* \footskip=30.0pt
* \marginparwidth=50.0pt
* \marginparsep=10.0pt
* \columnsep=10.0pt
* \skip\footins=10.0pt plus 4.0pt minus 2.0pt
* \hoffset=0.0pt
* \voffset=0.0pt
* \mag=1000
* \@twocolumnfalse
* \@twosidefalse
* \@mparswitchfalse
* \@reversemarginfalse
* (1in=72.27pt=25.4mm, 1cm=28.453pt)

Package lastpage Info: Please have a look at the pageslts package at
(lastpage)             http://www.ctan.org/tex-archive/ 
(lastpage)             macros/latex/contrib/pageslts/ 
(lastpage)             or
(lastpage)             http://www.ctan.org/tex-archive/ 
(lastpage)             install/macros/latex/contrib/pageslts.tds.zip
(lastpage)             ! on input line 81.
("C:\Program Files (x86)\MiKTeX 2.9\tex\context\base\supp-pdf.mkii"
[Loading MPS to PDF converter (version 2006.09.02).]
\scratchcounter=\count123
\scratchdimen=\dimen127
\scratchbox=\box34
\nofMPsegments=\count124
\nofMParguments=\count125
\everyMPshowfont=\toks32
\MPscratchCnt=\count126
\MPscratchDim=\dimen128
\MPnumerator=\count127
\makeMPintoPDFobject=\count128
\everyMPtoPDFconversion=\toks33
)
\c@lstlisting=\count129
 <logo_dc.jpg, id=1, 215.6055pt x 83.5923pt>
File: logo_dc.jpg Graphic file (type jpg)
 <use logo_dc.jpg>
Package pdftex.def Info: logo_dc.jpg used on input line 90.
(pdftex.def)             Requested size: 215.60497pt x 83.59207pt.
LaTeX Font Info:    Try loading font information for U+msa on input line 90.

("C:\Program Files (x86)\MiKTeX 2.9\tex\latex\amsfonts\umsa.fd"
File: umsa.fd 2013/01/14 v3.01 AMS symbols A
)
LaTeX Font Info:    Try loading font information for U+msb on input line 90.

("C:\Program Files (x86)\MiKTeX 2.9\tex\latex\amsfonts\umsb.fd"
File: umsb.fd 2013/01/14 v3.01 AMS symbols B
)
<logo_uba.jpg, id=2, 225.4824pt x 231.7458pt>
File: logo_uba.jpg Graphic file (type jpg)
 <use logo_uba.jpg>
Package pdftex.def Info: logo_uba.jpg used on input line 90.
(pdftex.def)             Requested size: 225.48184pt x 231.74522pt.

Underfull \hbox (badness 10000) in paragraph at lines 90--90

 []


Overfull \hbox (25.60904pt too wide) in paragraph at lines 90--90
[][][] 
 []

[1

{C:/ProgramData/MiKTeX/2.9/pdftex/config/pdftex.map} <C:/Users/Usuario/Desktop/
Documents/uba/metnum-rtp1/informe/logo_dc.jpg> <C:/Users/Usuario/Desktop/Docume
nts/uba/metnum-rtp1/informe/logo_uba.jpg>]
(C:\Users\Usuario\Desktop\Documents\uba\metnum-rtp1\informe\arp.toc [2])
\tf@toc=\write3


Package Fancyhdr Warning: \headheight is too small (12.0pt): 
 Make it at least 13.60925pt.
 We now make it that large for the rest of the document.
 This may cause the page layout to be inconsistent, however.

[3] (C:\Users\Usuario\Desktop\Documents\uba\metnum-rtp1\informe\01-resumen.tex)
[4]
(C:\Users\Usuario\Desktop\Documents\uba\metnum-rtp1\informe\02-introduccion.tex
[5]) [6]
(C:\Users\Usuario\Desktop\Documents\uba\metnum-rtp1\informe\03-desarrollo.tex
<imagenes/matrizbandaej_instancia.png, id=35, 462.528pt x 346.896pt>
File: imagenes/matrizbandaej_instancia.png Graphic file (type png)

<use imagenes/matrizbandaej_instancia.png>
Package pdftex.def Info: imagenes/matrizbandaej_instancia.png used on input lin
e 35.
(pdftex.def)             Requested size: 185.0079pt x 138.75594pt.

<imagenes/matrizbandaej_temp.png, id=36, 586.8324pt x 442.2924pt>
File: imagenes/matrizbandaej_temp.png Graphic file (type png)

<use imagenes/matrizbandaej_temp.png>
Package pdftex.def Info: imagenes/matrizbandaej_temp.png used on input line 36.

(pdftex.def)             Requested size: 234.72879pt x 176.91382pt.
 [7]
<imagenes/matrizej.png, id=42, 772.8875pt x 501.875pt>
File: imagenes/matrizej.png Graphic file (type png)

<use imagenes/matrizej.png>
Package pdftex.def Info: imagenes/matrizej.png used on input line 61.
(pdftex.def)             Requested size: 463.73607pt x 301.12732pt.
 [8 <C:/Users/Usuario/Desktop/Documents/uba/metnum-rtp1/informe/imagenes/matriz
bandaej_instancia.png (PNG copy)> <C:/Users/Usuario/Desktop/Documents/uba/metnu
m-rtp1/informe/imagenes/matrizbandaej_temp.png>]
[9 <C:/Users/Usuario/Desktop/Documents/uba/metnum-rtp1/informe/imagenes/matrize
j.png>] <imagenes/matrizbandaej.png, id=51, 399.4925pt x 814.04124pt>
File: imagenes/matrizbandaej.png Graphic file (type png)

<use imagenes/matrizbandaej.png>
Package pdftex.def Info: imagenes/matrizbandaej.png used on input line 131.
(pdftex.def)             Requested size: 279.64284pt x 569.82498pt.
 [10] [11 <C:/Users/Usuario/Desktop/Documents/uba/metnum-rtp1/informe/imagenes/
matrizbandaej.png>]
Underfull \hbox (badness 10000) in paragraph at lines 142--143

 []


Overfull \hbox (102.95999pt too wide) in paragraph at lines 163--163
[] \OT1/cmtt/m/n/10.95 // EN ESTE PUNTO YA TENGO LA MATRIZ TRIANGULADA SUPERIOR
MENTE, AHORA SOLO FALTA REALIZAR BACK SUBSTITUTION[] 
 []


Overfull \hbox (5.2323pt too wide) in paragraph at lines 167--167
[]        \OT1/cmtt/m/n/10.95 // COMO ES BANDA ME FIJO SI EN LA DIAGONAL IZQ IN
F HAY DISTINTO DE 0 PARA PIVOTEAR[] 
 []


Overfull \hbox (33.97574pt too wide) in paragraph at lines 177--177
[]             \OT1/cmtt/m/n/10.95 // y por ultimo actualizo los valores del p
arabrisas con las temperaturas actuales[] 
 []

[12] [13]) [14]
(C:\Users\Usuario\Desktop\Documents\uba\metnum-rtp1\informe\04-resultados.tex
<imagenes/test5_gran1.png, id=69, 586.8324pt x 442.2924pt>
File: imagenes/test5_gran1.png Graphic file (type png)

<use imagenes/test5_gran1.png>
Package pdftex.def Info: imagenes/test5_gran1.png used on input line 28.
(pdftex.def)             Requested size: 176.05107pt x 132.68874pt.

<imagenes/test5.png, id=70, 586.8324pt x 442.2924pt>
File: imagenes/test5.png Graphic file (type png)
 <use imagenes/test5.png>
Package pdftex.def Info: imagenes/test5.png used on input line 34.
(pdftex.def)             Requested size: 176.05107pt x 132.68874pt.

<imagenes/test5_gran5.png, id=71, 586.8324pt x 442.2924pt>
File: imagenes/test5_gran5.png Graphic file (type png)

<use imagenes/test5_gran5.png>
Package pdftex.def Info: imagenes/test5_gran5.png used on input line 43.
(pdftex.def)             Requested size: 176.05107pt x 132.68874pt.

<imagenes/test5_gran10.png, id=72, 586.8324pt x 442.2924pt>
File: imagenes/test5_gran10.png Graphic file (type png)

<use imagenes/test5_gran10.png>
Package pdftex.def Info: imagenes/test5_gran10.png used on input line 49.
(pdftex.def)             Requested size: 176.05107pt x 132.68874pt.
 [15

 <C:/Users/Usuario/Desktop/Documents/uba/metnum-rtp1/informe/imagenes/test5_gra
n1.png> <C:/Users/Usuario/Desktop/Documents/uba/metnum-rtp1/informe/imagenes/te
st5.png>] [16 <C:/Users/Usuario/Desktop/Documents/uba/metnum-rtp1/informe/image
nes/test5_gran5.png> <C:/Users/Usuario/Desktop/Documents/uba/metnum-rtp1/inform
e/imagenes/test5_gran10.png>]
File: imagenes/test5.png Graphic file (type png)

<use imagenes/test5.png>
Package pdftex.def Info: imagenes/test5.png used on input line 62.
(pdftex.def)             Requested size: 176.05107pt x 132.68874pt.

<imagenes/random_1.png, id=83, 586.8324pt x 442.2924pt>
File: imagenes/random_1.png Graphic file (type png)

<use imagenes/random_1.png>
Package pdftex.def Info: imagenes/random_1.png used on input line 74.
(pdftex.def)             Requested size: 176.05107pt x 132.68874pt.

<imagenes/random_2.png, id=84, 586.8324pt x 442.2924pt>
File: imagenes/random_2.png Graphic file (type png)

<use imagenes/random_2.png>
Package pdftex.def Info: imagenes/random_2.png used on input line 80.
(pdftex.def)             Requested size: 176.05107pt x 132.68874pt.

<imagenes/random_3.png, id=85, 586.8324pt x 442.2924pt>
File: imagenes/random_3.png Graphic file (type png)

<use imagenes/random_3.png>
Package pdftex.def Info: imagenes/random_3.png used on input line 88.
(pdftex.def)             Requested size: 176.05107pt x 132.68874pt.
 [17

 <C:/Users/Usuario/Desktop/Documents/uba/metnum-rtp1/informe/imagenes/random_1.
png> <C:/Users/Usuario/Desktop/Documents/uba/metnum-rtp1/informe/imagenes/rando
m_2.png> <C:/Users/Usuario/Desktop/Documents/uba/metnum-rtp1/informe/imagenes/r
andom_3.png>] [18]
File: imagenes/random_2.png Graphic file (type png)
 <use imagenes/random_2.png>
Package pdftex.def Info: imagenes/random_2.png used on input line 106.
(pdftex.def)             Requested size: 234.72879pt x 176.91382pt.

[19

] <imagenes/tiemposGaussVsBanda.png, id=99, 1099.10625pt x 808.01875pt>
File: imagenes/tiemposGaussVsBanda.png Graphic file (type png)

<use imagenes/tiemposGaussVsBanda.png>
Package pdftex.def Info: imagenes/tiemposGaussVsBanda.png used on input line 12
0.
(pdftex.def)             Requested size: 549.55177pt x 404.00839pt.

Overfull \hbox (37.40218pt too wide) in paragraph at lines 120--121
 [] 
 []

[20 <C:/Users/Usuario/Desktop/Documents/uba/metnum-rtp1/informe/imagenes/tiempo
sGaussVsBanda.png>] <imagenes/test6.png, id=104, 586.8324pt x 442.2924pt>
File: imagenes/test6.png Graphic file (type png)

<use imagenes/test6.png>
Package pdftex.def Info: imagenes/test6.png used on input line 136.
(pdftex.def)             Requested size: 234.72879pt x 176.91382pt.

<imagenes/test6_greedy.png, id=105, 586.8324pt x 442.2924pt>
File: imagenes/test6_greedy.png Graphic file (type png)

<use imagenes/test6_greedy.png>
Package pdftex.def Info: imagenes/test6_greedy.png used on input line 148.
(pdftex.def)             Requested size: 234.72879pt x 176.91382pt.

<imagenes/test6_random.png, id=106, 586.8324pt x 442.2924pt>
File: imagenes/test6_random.png Graphic file (type png)

<use imagenes/test6_random.png>
Package pdftex.def Info: imagenes/test6_random.png used on input line 155.
(pdftex.def)             Requested size: 234.72879pt x 176.91382pt.
 [21

 <C:/Users/Usuario/Desktop/Documents/uba/metnum-rtp1/informe/imagenes/test6.png
> <C:/Users/Usuario/Desktop/Documents/uba/metnum-rtp1/informe/imagenes/test6_gr
eedy.png> <C:/Users/Usuario/Desktop/Documents/uba/metnum-rtp1/informe/imagenes/
test6_random.png>]
<imagenes/test6_random_2.png, id=113, 586.8324pt x 442.2924pt>
File: imagenes/test6_random_2.png Graphic file (type png)

<use imagenes/test6_random_2.png>
Package pdftex.def Info: imagenes/test6_random_2.png used on input line 164.
(pdftex.def)             Requested size: 234.72879pt x 176.91382pt.

<imagenes/test6_random_3.png, id=114, 586.8324pt x 442.2924pt>
File: imagenes/test6_random_3.png Graphic file (type png)

<use imagenes/test6_random_3.png>
Package pdftex.def Info: imagenes/test6_random_3.png used on input line 170.
(pdftex.def)             Requested size: 234.72879pt x 176.91382pt.

<imagenes/test6_g08_greedy.png, id=115, 586.8324pt x 442.2924pt>
File: imagenes/test6_g08_greedy.png Graphic file (type png)

<use imagenes/test6_g08_greedy.png>
Package pdftex.def Info: imagenes/test6_g08_greedy.png used on input line 187.
(pdftex.def)             Requested size: 234.72879pt x 176.91382pt.

<imagenes/test6_g08_random.png, id=116, 586.8324pt x 442.2924pt>
File: imagenes/test6_g08_random.png Graphic file (type png)

<use imagenes/test6_g08_random.png>
Package pdftex.def Info: imagenes/test6_g08_random.png used on input line 194.
(pdftex.def)             Requested size: 234.72879pt x 176.91382pt.
 [22

 <C:/Users/Usuario/Desktop/Documents/uba/metnum-rtp1/informe/imagenes/test6_ran
dom_2.png> <C:/Users/Usuario/Desktop/Documents/uba/metnum-rtp1/informe/imagenes
/test6_random_3.png> <C:/Users/Usuario/Desktop/Documents/uba/metnum-rtp1/inform
e/imagenes/test6_g08_greedy.png> <C:/Users/Usuario/Desktop/Documents/uba/metnum
-rtp1/informe/imagenes/test6_g08_random.png>] <imagenes/test6_g08_random_2.png,
 id=124, 586.8324pt x 442.2924pt>
File: imagenes/test6_g08_random_2.png Graphic file (type png)

<use imagenes/test6_g08_random_2.png>
Package pdftex.def Info: imagenes/test6_g08_random_2.png used on input line 203
.
(pdftex.def)             Requested size: 234.72879pt x 176.91382pt.

<imagenes/test6_g08_random_3.png, id=125, 586.8324pt x 442.2924pt>
File: imagenes/test6_g08_random_3.png Graphic file (type png)

<use imagenes/test6_g08_random_3.png>
Package pdftex.def Info: imagenes/test6_g08_random_3.png used on input line 210
.
(pdftex.def)             Requested size: 234.72879pt x 176.91382pt.
) [23

 <C:/Users/Usuario/Desktop/Documents/uba/metnum-rtp1/informe/imagenes/test6_g08
_random_2.png> <C:/Users/Usuario/Desktop/Documents/uba/metnum-rtp1/informe/imag
enes/test6_g08_random_3.png>]
(C:\Users\Usuario\Desktop\Documents\uba\metnum-rtp1\informe\05-discusion.tex)
[24]
(C:\Users\Usuario\Desktop\Documents\uba\metnum-rtp1\informe\06-conclusiones.tex
[25]) [26] 
AED: lastpage setting LastPage
(C:\Users\Usuario\Desktop\Documents\uba\metnum-rtp1\informe\arp.aux)

LaTeX Warning: There were multiply-defined labels.

 ) 
Here is how much of TeX's memory you used:
 5850 strings out of 493921
 79999 string characters out of 3144870
 152355 words of memory out of 3000000
 8995 multiletter control sequences out of 15000+200000
 12226 words of font info for 45 fonts, out of 3000000 for 9000
 841 hyphenation exceptions out of 8191
 34i,14n,43p,885b,336s stack positions out of 5000i,500n,10000p,200000b,50000s
<C:/Program Files (x86)/MiKTeX 2.9/fonts/type1/public/amsfonts/cm/cmbx10.pfb>
<C:/Program Files (x86)/MiKTeX 2.9/fonts/type1/public/amsfonts/cm/cmbx12.pfb><C
:/Program Files (x86)/MiKTeX 2.9/fonts/type1/public/amsfonts/cm/cmex10.pfb><C:/
Program Files (x86)/MiKTeX 2.9/fonts/type1/public/amsfonts/cm/cmmi10.pfb><C:/Pr
ogram Files (x86)/MiKTeX 2.9/fonts/type1/public/amsfonts/cm/cmmi8.pfb><C:/Progr
am Files (x86)/MiKTeX 2.9/fonts/type1/public/amsfonts/cm/cmr10.pfb><C:/Program 
Files (x86)/MiKTeX 2.9/fonts/type1/public/amsfonts/cm/cmr12.pfb><C:/Program Fil
es (x86)/MiKTeX 2.9/fonts/type1/public/amsfonts/cm/cmr8.pfb><C:/Program Files (
x86)/MiKTeX 2.9/fonts/type1/public/amsfonts/cm/cmr9.pfb><C:/Program Files (x86)
/MiKTeX 2.9/fonts/type1/public/amsfonts/cm/cmss10.pfb><C:/Program Files (x86)/M
iKTeX 2.9/fonts/type1/public/amsfonts/cm/cmssbx10.pfb><C:/Program Files (x86)/M
iKTeX 2.9/fonts/type1/public/amsfonts/cm/cmsy10.pfb><C:/Program Files (x86)/MiK
TeX 2.9/fonts/type1/public/amsfonts/cm/cmsy8.pfb><C:/Program Files (x86)/MiKTeX
 2.9/fonts/type1/public/amsfonts/cm/cmti10.pfb><C:/Program Files (x86)/MiKTeX 2
.9/fonts/type1/public/amsfonts/cm/cmtt10.pfb>
Output written on arp.pdf (26 pages, 1125677 bytes).
PDF statistics:
 188 PDF objects out of 1000 (max. 8388607)
 0 named destinations out of 1000 (max. 500000)
 116 words of extra memory for PDF output out of 10000 (max. 10000000)

